Arguments: 
  /usr/local/bin/node /Users/korkormensah/.npm-global/bin/yarnpkg install

PATH: 
  /Users/korkormensah/.npm-global/bin:/usr/local/bin:/usr/bin:/bin:/usr/sbin:/sbin:/Library/Apple/usr/bin

Yarn version: 
  1.22.17

Node version: 
  16.13.0

Platform: 
  darwin x64

Trace: 
  Error: https://registry.yarnpkg.com/@react-native-community/cli-debugger-ui/-/cli-debugger-ui-7.0.3.tgz: Request failed "502 Bad Gateway"
      at ResponseError.ExtendableBuiltin (/Users/korkormensah/.npm-global/lib/node_modules/yarn/lib/cli.js:696:66)
      at new ResponseError (/Users/korkormensah/.npm-global/lib/node_modules/yarn/lib/cli.js:802:124)
      at Request.<anonymous> (/Users/korkormensah/.npm-global/lib/node_modules/yarn/lib/cli.js:67099:16)
      at Request.emit (node:events:390:28)
      at Request.module.exports.Request.onRequestResponse (/Users/korkormensah/.npm-global/lib/node_modules/yarn/lib/cli.js:141760:10)
      at ClientRequest.emit (node:events:390:28)
      at HTTPParser.parserOnIncomingClient (node:_http_client:623:27)
      at HTTPParser.parserOnHeadersComplete (node:_http_common:128:17)
      at HTTPParser.execute (<anonymous>)
      at TLSSocket.socketOnData (node:_http_client:487:22)

npm manifest: 
  {
    "name": "my-first-react-native-app",
    "version": "1.0.0",
    "main": "node_modules/expo/AppEntry.js",
    "scripts": {
      "start": "expo start",
      "android": "expo start --android",
      "ios": "expo start --ios",
      "web": "expo start --web",
      "eject": "expo eject"
    },
    "dependencies": {
      "expo": "~45.0.0",
      "expo-status-bar": "~1.3.0",
      "react": "17.0.2",
      "react-dom": "17.0.2",
      "react-native": "0.68.1",
      "react-native-web": "0.17.7"
    },
    "devDependencies": {
      "@babel/core": "^7.12.9"
    },
    "private": true
  }

yarn manifest: 
  No manifest

Lockfile: 
  No lockfile
